Collecting poetry==1.7.1
  Using cached poetry-1.7.1-py3-none-any.whl.metadata (6.8 kB)
Collecting build<2.0.0,>=1.0.3 (from poetry==1.7.1)
  Using cached build-1.0.3-py3-none-any.whl.metadata (4.2 kB)
Collecting cachecontrol<0.14.0,>=0.13.0 (from cachecontrol[filecache]<0.14.0,>=0.13.0->poetry==1.7.1)
  Using cached cachecontrol-0.13.1-py3-none-any.whl.metadata (3.0 kB)
Collecting cleo<3.0.0,>=2.1.0 (from poetry==1.7.1)
  Using cached cleo-2.1.0-py3-none-any.whl.metadata (12 kB)
Collecting crashtest<0.5.0,>=0.4.1 (from poetry==1.7.1)
  Using cached crashtest-0.4.1-py3-none-any.whl (7.6 kB)
Collecting dulwich<0.22.0,>=0.21.2 (from poetry==1.7.1)
  Using cached dulwich-0.21.7-cp310-cp310-manylinux_2_17_x86_64.manylinux2014_x86_64.whl.metadata (4.3 kB)
Collecting fastjsonschema<3.0.0,>=2.18.0 (from poetry==1.7.1)
  Using cached fastjsonschema-2.19.1-py3-none-any.whl.metadata (2.1 kB)
Collecting installer<0.8.0,>=0.7.0 (from poetry==1.7.1)
  Using cached installer-0.7.0-py3-none-any.whl (453 kB)
Collecting keyring<25.0.0,>=24.0.0 (from poetry==1.7.1)
  Using cached keyring-24.3.0-py3-none-any.whl.metadata (20 kB)
Collecting packaging>=20.5 (from poetry==1.7.1)
  Using cached packaging-23.2-py3-none-any.whl.metadata (3.2 kB)
Collecting pexpect<5.0.0,>=4.7.0 (from poetry==1.7.1)
  Using cached pexpect-4.9.0-py2.py3-none-any.whl.metadata (2.5 kB)
Collecting pkginfo<2.0.0,>=1.9.4 (from poetry==1.7.1)
  Using cached pkginfo-1.9.6-py3-none-any.whl (30 kB)
Collecting platformdirs<4.0.0,>=3.0.0 (from poetry==1.7.1)
  Using cached platformdirs-3.11.0-py3-none-any.whl.metadata (11 kB)
Collecting poetry-core==1.8.1 (from poetry==1.7.1)
  Using cached poetry_core-1.8.1-py3-none-any.whl.metadata (3.5 kB)
Collecting poetry-plugin-export<2.0.0,>=1.6.0 (from poetry==1.7.1)
  Using cached poetry_plugin_export-1.6.0-py3-none-any.whl.metadata (2.8 kB)
Collecting pyproject-hooks<2.0.0,>=1.0.0 (from poetry==1.7.1)
  Using cached pyproject_hooks-1.0.0-py3-none-any.whl (9.3 kB)
Collecting requests<3.0,>=2.26 (from poetry==1.7.1)
  Using cached requests-2.31.0-py3-none-any.whl.metadata (4.6 kB)
Collecting requests-toolbelt<2,>=0.9.1 (from poetry==1.7.1)
  Using cached requests_toolbelt-1.0.0-py2.py3-none-any.whl (54 kB)
Collecting shellingham<2.0,>=1.5 (from poetry==1.7.1)
  Using cached shellingham-1.5.4-py2.py3-none-any.whl.metadata (3.5 kB)
Collecting tomli<3.0.0,>=2.0.1 (from poetry==1.7.1)
  Using cached tomli-2.0.1-py3-none-any.whl (12 kB)
Collecting tomlkit<1.0.0,>=0.11.4 (from poetry==1.7.1)
  Using cached tomlkit-0.12.3-py3-none-any.whl.metadata (2.7 kB)
Collecting trove-classifiers>=2022.5.19 (from poetry==1.7.1)
  Using cached trove_classifiers-2024.1.31-py3-none-any.whl.metadata (2.2 kB)
Collecting virtualenv<21.0.0,>=20.23.0 (from poetry==1.7.1)
  Using cached virtualenv-20.25.0-py3-none-any.whl.metadata (4.5 kB)
Collecting msgpack>=0.5.2 (from cachecontrol<0.14.0,>=0.13.0->cachecontrol[filecache]<0.14.0,>=0.13.0->poetry==1.7.1)
  Using cached msgpack-1.0.7-cp310-cp310-manylinux_2_17_x86_64.manylinux2014_x86_64.whl.metadata (9.1 kB)
Collecting filelock>=3.8.0 (from cachecontrol[filecache]<0.14.0,>=0.13.0->poetry==1.7.1)
  Using cached filelock-3.13.1-py3-none-any.whl.metadata (2.8 kB)
Collecting rapidfuzz<4.0.0,>=3.0.0 (from cleo<3.0.0,>=2.1.0->poetry==1.7.1)
  Using cached rapidfuzz-3.6.1-cp310-cp310-manylinux_2_17_x86_64.manylinux2014_x86_64.whl.metadata (11 kB)
Collecting urllib3>=1.25 (from dulwich<0.22.0,>=0.21.2->poetry==1.7.1)
  Using cached urllib3-2.2.0-py3-none-any.whl.metadata (6.4 kB)
Collecting jaraco.classes (from keyring<25.0.0,>=24.0.0->poetry==1.7.1)
  Using cached jaraco.classes-3.3.1-py3-none-any.whl.metadata (2.7 kB)
Collecting importlib-metadata>=4.11.4 (from keyring<25.0.0,>=24.0.0->poetry==1.7.1)
  Using cached importlib_metadata-7.0.1-py3-none-any.whl.metadata (4.9 kB)
Collecting SecretStorage>=3.2 (from keyring<25.0.0,>=24.0.0->poetry==1.7.1)
  Using cached SecretStorage-3.3.3-py3-none-any.whl (15 kB)
Collecting jeepney>=0.4.2 (from keyring<25.0.0,>=24.0.0->poetry==1.7.1)
  Using cached jeepney-0.8.0-py3-none-any.whl (48 kB)
Collecting ptyprocess>=0.5 (from pexpect<5.0.0,>=4.7.0->poetry==1.7.1)
  Using cached ptyprocess-0.7.0-py2.py3-none-any.whl (13 kB)
Collecting charset-normalizer<4,>=2 (from requests<3.0,>=2.26->poetry==1.7.1)
  Using cached charset_normalizer-3.3.2-cp310-cp310-manylinux_2_17_x86_64.manylinux2014_x86_64.whl.metadata (33 kB)
Collecting idna<4,>=2.5 (from requests<3.0,>=2.26->poetry==1.7.1)
  Using cached idna-3.6-py3-none-any.whl.metadata (9.9 kB)
Collecting certifi>=2017.4.17 (from requests<3.0,>=2.26->poetry==1.7.1)
  Using cached certifi-2024.2.2-py3-none-any.whl.metadata (2.2 kB)
Collecting distlib<1,>=0.3.7 (from virtualenv<21.0.0,>=20.23.0->poetry==1.7.1)
  Using cached distlib-0.3.8-py2.py3-none-any.whl.metadata (5.1 kB)
Collecting zipp>=0.5 (from importlib-metadata>=4.11.4->keyring<25.0.0,>=24.0.0->poetry==1.7.1)
  Using cached zipp-3.17.0-py3-none-any.whl.metadata (3.7 kB)
Collecting cryptography>=2.0 (from SecretStorage>=3.2->keyring<25.0.0,>=24.0.0->poetry==1.7.1)
  Using cached cryptography-42.0.2-cp39-abi3-manylinux_2_28_x86_64.whl.metadata (5.3 kB)
Collecting more-itertools (from jaraco.classes->keyring<25.0.0,>=24.0.0->poetry==1.7.1)
  Using cached more_itertools-10.2.0-py3-none-any.whl.metadata (34 kB)
Collecting cffi>=1.12 (from cryptography>=2.0->SecretStorage>=3.2->keyring<25.0.0,>=24.0.0->poetry==1.7.1)
  Using cached cffi-1.16.0-cp310-cp310-manylinux_2_17_x86_64.manylinux2014_x86_64.whl.metadata (1.5 kB)
Collecting pycparser (from cffi>=1.12->cryptography>=2.0->SecretStorage>=3.2->keyring<25.0.0,>=24.0.0->poetry==1.7.1)
  Using cached pycparser-2.21-py2.py3-none-any.whl (118 kB)
Using cached poetry-1.7.1-py3-none-any.whl (235 kB)
Using cached poetry_core-1.8.1-py3-none-any.whl (306 kB)
Using cached build-1.0.3-py3-none-any.whl (18 kB)
Using cached cachecontrol-0.13.1-py3-none-any.whl (22 kB)
Using cached cleo-2.1.0-py3-none-any.whl (78 kB)
Using cached dulwich-0.21.7-cp310-cp310-manylinux_2_17_x86_64.manylinux2014_x86_64.whl (514 kB)
Using cached fastjsonschema-2.19.1-py3-none-any.whl (23 kB)
Using cached keyring-24.3.0-py3-none-any.whl (38 kB)
Using cached packaging-23.2-py3-none-any.whl (53 kB)
Using cached pexpect-4.9.0-py2.py3-none-any.whl (63 kB)
Using cached platformdirs-3.11.0-py3-none-any.whl (17 kB)
Using cached poetry_plugin_export-1.6.0-py3-none-any.whl (10 kB)
Using cached requests-2.31.0-py3-none-any.whl (62 kB)
Using cached shellingham-1.5.4-py2.py3-none-any.whl (9.8 kB)
Using cached tomlkit-0.12.3-py3-none-any.whl (37 kB)
Using cached trove_classifiers-2024.1.31-py3-none-any.whl (13 kB)
Downloading virtualenv-20.25.0-py3-none-any.whl (3.8 MB)
   ━━━━━━━━━━━━━━━━━━━━━━━━━━━━━━━━━━━━━━━━ 3.8/3.8 MB 25.0 kB/s eta 0:00:00
Downloading certifi-2024.2.2-py3-none-any.whl (163 kB)
   ━━━━━━━━━━━━━━━━━━━━━━━━━━━━━━━━━━━━━━━━ 163.8/163.8 kB 37.2 kB/s eta 0:00:00
Downloading charset_normalizer-3.3.2-cp310-cp310-manylinux_2_17_x86_64.manylinux2014_x86_64.whl (142 kB)
   ━━━━━━━━━━━━━━━━━━━━━━━━━━━━━━━━━━━━━━━ 142.1/142.1 kB 189.5 kB/s eta 0:00:00
Downloading distlib-0.3.8-py2.py3-none-any.whl (468 kB)
   ━━━━━━━━━━━━━━━━━━━━━━━━━━━━━━━━━━━━━━━━ 468.9/468.9 kB 39.7 kB/s eta 0:00:00
Downloading filelock-3.13.1-py3-none-any.whl (11 kB)
Downloading idna-3.6-py3-none-any.whl (61 kB)
   ━━━━━━━━━━━━━━━━━━━━━━━━━━━━━━━━━━━━━━━━ 61.6/61.6 kB 20.8 kB/s eta 0:00:00
Downloading importlib_metadata-7.0.1-py3-none-any.whl (23 kB)
Downloading msgpack-1.0.7-cp310-cp310-manylinux_2_17_x86_64.manylinux2014_x86_64.whl (530 kB)
   ━━━━━━━━━━━━━━━━━━━━━━━                  307.2/530.8 kB 34.5 kB/s eta 0:00:07
ERROR: Exception:
Traceback (most recent call last):
  File "/home/kibanga/.local/share/pypoetry/venv/lib/python3.10/site-packages/pip/_vendor/urllib3/response.py", line 438, in _error_catcher
    yield
  File "/home/kibanga/.local/share/pypoetry/venv/lib/python3.10/site-packages/pip/_vendor/urllib3/response.py", line 561, in read
    data = self._fp_read(amt) if not fp_closed else b""
  File "/home/kibanga/.local/share/pypoetry/venv/lib/python3.10/site-packages/pip/_vendor/urllib3/response.py", line 527, in _fp_read
    return self._fp.read(amt) if amt is not None else self._fp.read()
  File "/home/kibanga/.local/share/pypoetry/venv/lib/python3.10/site-packages/pip/_vendor/cachecontrol/filewrapper.py", line 98, in read
    data: bytes = self.__fp.read(amt)
  File "/usr/lib/python3.10/http/client.py", line 466, in read
    s = self.fp.read(amt)
  File "/usr/lib/python3.10/socket.py", line 705, in readinto
    return self._sock.recv_into(b)
  File "/usr/lib/python3.10/ssl.py", line 1303, in recv_into
    return self.read(nbytes, buffer)
  File "/usr/lib/python3.10/ssl.py", line 1159, in read
    return self._sslobj.read(len, buffer)
TimeoutError: The read operation timed out

During handling of the above exception, another exception occurred:

Traceback (most recent call last):
  File "/home/kibanga/.local/share/pypoetry/venv/lib/python3.10/site-packages/pip/_internal/cli/base_command.py", line 180, in exc_logging_wrapper
    status = run_func(*args)
  File "/home/kibanga/.local/share/pypoetry/venv/lib/python3.10/site-packages/pip/_internal/cli/req_command.py", line 245, in wrapper
    return func(self, options, args)
  File "/home/kibanga/.local/share/pypoetry/venv/lib/python3.10/site-packages/pip/_internal/commands/install.py", line 377, in run
    requirement_set = resolver.resolve(
  File "/home/kibanga/.local/share/pypoetry/venv/lib/python3.10/site-packages/pip/_internal/resolution/resolvelib/resolver.py", line 179, in resolve
    self.factory.preparer.prepare_linked_requirements_more(reqs)
  File "/home/kibanga/.local/share/pypoetry/venv/lib/python3.10/site-packages/pip/_internal/operations/prepare.py", line 552, in prepare_linked_requirements_more
    self._complete_partial_requirements(
  File "/home/kibanga/.local/share/pypoetry/venv/lib/python3.10/site-packages/pip/_internal/operations/prepare.py", line 467, in _complete_partial_requirements
    for link, (filepath, _) in batch_download:
  File "/home/kibanga/.local/share/pypoetry/venv/lib/python3.10/site-packages/pip/_internal/network/download.py", line 183, in __call__
    for chunk in chunks:
  File "/home/kibanga/.local/share/pypoetry/venv/lib/python3.10/site-packages/pip/_internal/cli/progress_bars.py", line 53, in _rich_progress_bar
    for chunk in iterable:
  File "/home/kibanga/.local/share/pypoetry/venv/lib/python3.10/site-packages/pip/_internal/network/utils.py", line 63, in response_chunks
    for chunk in response.raw.stream(
  File "/home/kibanga/.local/share/pypoetry/venv/lib/python3.10/site-packages/pip/_vendor/urllib3/response.py", line 622, in stream
    data = self.read(amt=amt, decode_content=decode_content)
  File "/home/kibanga/.local/share/pypoetry/venv/lib/python3.10/site-packages/pip/_vendor/urllib3/response.py", line 560, in read
    with self._error_catcher():
  File "/usr/lib/python3.10/contextlib.py", line 153, in __exit__
    self.gen.throw(typ, value, traceback)
  File "/home/kibanga/.local/share/pypoetry/venv/lib/python3.10/site-packages/pip/_vendor/urllib3/response.py", line 443, in _error_catcher
    raise ReadTimeoutError(self._pool, None, "Read timed out.")
pip._vendor.urllib3.exceptions.ReadTimeoutError: HTTPSConnectionPool(host='files.pythonhosted.org', port=443): Read timed out.

Traceback:

  File "<stdin>", line 923, in main
  File "<stdin>", line 560, in run
  File "<stdin>", line 582, in install
  File "<stdin>", line 685, in install_poetry
  File "<stdin>", line 375, in pip
  File "<stdin>", line 372, in python
  File "<stdin>", line 365, in run
